--- Startup times for process: Primary (or UI client) ---

times in msec
 clock   self+sourced   self:  sourced script
 clock   elapsed:              other lines

000.001  000.001: --- NVIM STARTING ---
000.138  000.137: event init
000.383  000.246: early init
000.950  000.567: locale set
000.989  000.039: init first window
001.493  000.504: inits 1
001.502  000.009: window checked
001.507  000.005: parsing arguments
002.039  000.049  000.049: require('vim._core.shared')
002.115  000.003  000.003: require('string.buffer')
002.141  000.046  000.043: require('vim.inspect')
002.192  000.043  000.043: require('vim._core.options')
002.194  000.152  000.063: require('vim._core.editor')
002.252  000.056  000.056: require('vim._core.system')
002.253  000.297  000.039: require('vim._init_packages')
002.256  000.453: init lua interpreter
005.965  003.708: nvim_ui_attach
006.295  000.331: nvim_set_client_info
006.296  000.001: --- NVIM STARTED ---

--- Startup times for process: Embedded ---

times in msec
 clock   self+sourced   self:  sourced script
 clock   elapsed:              other lines

000.000  000.000: --- NVIM STARTING ---
000.065  000.064: event init
000.218  000.153: early init
000.583  000.365: locale set
000.609  000.025: init first window
000.948  000.339: inits 1
000.957  000.009: window checked
000.960  000.004: parsing arguments
001.379  000.039  000.039: require('vim._core.shared')
001.439  000.003  000.003: require('string.buffer')
001.459  000.035  000.033: require('vim.inspect')
001.512  000.047  000.047: require('vim._core.options')
001.514  000.132  000.050: require('vim._core.editor')
001.559  000.043  000.043: require('vim._core.system')
001.560  000.242  000.028: require('vim._init_packages')
001.561  000.359: init lua interpreter
003.438  001.877: expanding arguments
003.454  000.016: inits 2
003.682  000.228: init highlight
003.683  000.001: waiting for UI
003.836  000.153: done waiting for UI
003.844  000.007: clear screen
003.982  000.011  000.011: require('vim.keymap')
004.888  000.136  000.136: sourcing nvim_exec2()
004.916  000.003  000.003: require('vim._core.log')
012.697  008.851  008.701: require('vim._core.defaults')
012.699  000.004: init default mappings & autocommands
013.323  000.066  000.066: sourcing /opt/homebrew/Cellar/neovim/0.12.4/share/nvim/runtime/ftplugin.vim
013.394  000.020  000.020: sourcing /opt/homebrew/Cellar/neovim/0.12.4/share/nvim/runtime/indent.vim
013.888  000.109  000.109: require('hooks.pack_types')
013.975  000.085  000.085: require('hooks.deps.parse')
014.062  000.086  000.086: require('hooks.deps.path')
014.234  000.097  000.097: require('hooks.deps.healthy')
014.235  000.172  000.075: require('hooks.deps.available')
014.393  000.086  000.086: require('hooks.deps.norm')
014.454  000.060  000.060: require('hooks.deps.depname')
014.530  000.076  000.076: require('hooks.deps.walk')
014.597  000.066  000.066: require('hooks.deps.track')
014.668  000.070  000.070: require('hooks.deps.needed')
014.759  000.090  000.090: require('hooks.deps.protect')
014.761  000.524  000.076: require('hooks.deps')
015.045  000.082  000.082: require('hooks.deps.cycle')
015.123  000.077  000.077: require('hooks.util.notify_once')
015.194  000.070  000.070: require('hooks.register.ensure_spec')
015.273  000.077  000.077: require('hooks.register.dep_tree')
015.379  000.106  000.106: require('hooks.register.handle')
015.381  000.551  000.138: require('hooks.register.register')
015.382  000.620  000.069: require('hooks.register')
015.448  000.065  000.065: require('hooks.register.identity')
015.583  000.068  000.068: require('hooks.load.immed')
015.761  000.071  000.071: require('hooks.load.prepare')
015.866  000.104  000.104: require('hooks.load.load_dep')
015.939  000.072  000.072: require('hooks.load.require_utils')
016.009  000.069  000.069: require('hooks.load.call_config')
016.010  000.426  000.109: require('hooks.load.load')
016.082  000.071  000.071: require('hooks.load.eager')
016.083  000.635  000.070: require('hooks.load')
016.150  000.066  000.066: require('hooks.load.listen')
016.429  000.090  000.090: require('hooks.build.stamp')
016.597  000.069  000.069: require('hooks.build.state')
016.599  000.168  000.099: require('hooks.build.retry')
016.600  000.382  000.124: require('hooks.build.run')
016.601  000.450  000.068: require('hooks.build')
016.684  000.083  000.083: require('hooks.build.ensure')
016.761  000.076  000.076: require('hooks.build.listen')
016.875  000.114  000.114: require('hooks.install.sync')
016.957  000.081  000.081: require('hooks.install.repair')
017.116  000.094  000.094: require('hooks.install.run')
017.117  000.159  000.065: require('hooks.install')
017.396  000.074  000.074: require('hooks.update.locked')
017.397  000.146  000.072: require('hooks.update.filter')
017.398  000.216  000.071: require('hooks.update.update')
017.399  000.281  000.064: require('hooks.update')
017.467  000.067  000.067: require('hooks.update.complete')
017.657  000.059  000.059: require('hooks.restart.state')
017.658  000.128  000.069: require('hooks.restart.listen')
017.790  000.065  000.065: require('hooks.restart.should_restart')
017.791  000.133  000.068: require('hooks.restart.relaunch')
017.792  000.324  000.063: require('hooks.restart')
017.860  000.067  000.067: require('hooks.util.root')
018.088  000.063  000.063: require('hooks.lsp.state')
018.213  000.060  000.060: require('hooks.lsp.stop')
018.214  000.125  000.065: require('hooks.lsp.control')
018.304  000.090  000.090: require('hooks.lsp.sync')
018.377  000.071  000.071: require('hooks.lsp.listen')
018.454  000.077  000.077: require('hooks.util.ensure_lua_ls_plugin')
018.456  000.526  000.099: require('hooks.lsp.api')
018.457  000.596  000.070: require('hooks.lsp')
018.750  000.071  000.071: require('hooks.boot.resolve')
018.885  000.070  000.070: require('hooks.boot.require_mod')
018.885  000.135  000.065: require('hooks.boot.load_configs')
018.887  000.307  000.101: require('hooks.boot.handle')
018.888  000.367  000.060: require('hooks.boot.run')
018.889  000.431  000.064: require('hooks.boot')
018.961  000.065  000.065: require('hooks.util.seal_pack')
018.962  005.402  000.247: require('hooks')
018.995  000.027  000.027: require('vim.fs')
020.533  000.003  000.003: require('vim.F')
020.565  001.401  001.398: require('vim.diagnostic')
020.567  001.555  000.153: require('core.options')
020.720  000.078  000.078: require('packages.configs.autopairs')
020.954  000.233  000.233: require('packages.configs.blink')
021.077  000.121  000.121: require('packages.configs.catppuccin')
021.164  000.086  000.086: require('packages.configs.conform')
021.273  000.108  000.108: require('packages.configs.flash')
021.383  000.109  000.109: require('packages.configs.gsigns')
021.519  000.135  000.135: require('packages.configs.lualine')
021.652  000.132  000.132: require('packages.configs.mason')
021.851  000.197  000.197: require('packages.configs.mini-icon')
022.007  000.155  000.155: require('packages.configs.noice')
022.097  000.089  000.089: require('packages.configs.overseer')
022.252  000.154  000.154: require('packages.configs.render_markdown')
022.404  000.152  000.152: require('packages.configs.snacks')
022.545  000.140  000.140: require('packages.configs.transparent')
022.711  000.162  000.162: require('packages.configs.treesitter')
022.891  000.172  000.172: require('core.keymaps')
022.981  000.089  000.089: require('core.commands')
023.079  000.097  000.097: require('core.lsp')
023.080  009.587  000.196: sourcing /Users/brain/.config/nvim/init.lua
023.085  000.713: sourcing vimrc file(s)
023.201  000.021  000.021: sourcing nvim_exec2() called at /opt/homebrew/Cellar/neovim/0.12.4/share/nvim/runtime/filetype.lua:0
023.203  000.065  000.044: sourcing /opt/homebrew/Cellar/neovim/0.12.4/share/nvim/runtime/filetype.lua
023.339  000.040  000.040: sourcing /opt/homebrew/Cellar/neovim/0.12.4/share/nvim/runtime/syntax/synload.vim
023.408  000.159  000.119: sourcing /opt/homebrew/Cellar/neovim/0.12.4/share/nvim/runtime/syntax/syntax.vim
024.399  000.106  000.106: sourcing /opt/homebrew/Cellar/neovim/0.12.4/share/nvim/runtime/plugin/gzip.vim
024.903  000.101  000.101: sourcing /opt/homebrew/Cellar/neovim/0.12.4/share/nvim/runtime/pack/dist/opt/matchit/plugin/matchit.vim
024.931  000.500  000.399: sourcing /opt/homebrew/Cellar/neovim/0.12.4/share/nvim/runtime/plugin/matchit.vim
025.038  000.077  000.077: sourcing /opt/homebrew/Cellar/neovim/0.12.4/share/nvim/runtime/plugin/matchparen.vim
025.075  000.005  000.005: sourcing /opt/homebrew/Cellar/neovim/0.12.4/share/nvim/runtime/plugin/netrwPlugin.vim
025.184  000.079  000.079: sourcing /opt/homebrew/Cellar/neovim/0.12.4/share/nvim/runtime/plugin/rplugin.vim
025.264  000.046  000.046: sourcing /opt/homebrew/Cellar/neovim/0.12.4/share/nvim/runtime/plugin/tarPlugin.vim
025.305  000.009  000.009: sourcing /opt/homebrew/Cellar/neovim/0.12.4/share/nvim/runtime/plugin/tutor.vim
025.402  000.066  000.066: sourcing /opt/homebrew/Cellar/neovim/0.12.4/share/nvim/runtime/plugin/zipPlugin.vim
025.461  000.026  000.026: sourcing /opt/homebrew/Cellar/neovim/0.12.4/share/nvim/runtime/plugin/editorconfig.lua
025.549  000.038  000.038: sourcing /opt/homebrew/Cellar/neovim/0.12.4/share/nvim/runtime/plugin/man.lua
025.655  000.075  000.075: sourcing /opt/homebrew/Cellar/neovim/0.12.4/share/nvim/runtime/plugin/net.lua
025.743  000.055  000.055: sourcing /opt/homebrew/Cellar/neovim/0.12.4/share/nvim/runtime/plugin/osc52.lua
025.841  000.065  000.065: sourcing /opt/homebrew/Cellar/neovim/0.12.4/share/nvim/runtime/plugin/shada.lua
025.901  000.024  000.024: sourcing /opt/homebrew/Cellar/neovim/0.12.4/share/nvim/runtime/plugin/spellfile.lua
025.922  001.444: loading rtp plugins
026.060  000.138: loading packages
026.061  000.001: loading after plugins
026.074  000.013: inits 3
027.015  000.941: reading ShaDa
027.065  000.050: opening buffers
027.066  000.001: BufEnter autocommands
027.068  000.002: editing files in windows
038.446  000.255  000.255: require('snacks')
038.448  000.279  000.025: sourcing /Users/brain/.local/share/nvim/site/pack/core/opt/snacks.nvim/plugin/snacks.lua
038.816  000.279  000.279: require('snacks.picker.source.lsp.config')
039.966  000.298  000.298: require('snacks.util')
039.988  001.099  000.801: require('snacks.dashboard')
040.912  000.342  000.342: require('snacks.scroll')
041.054  000.133  000.133: require('snacks.animate')
041.579  000.220  000.220: require('vim.ui')
041.581  000.482  000.262: require('snacks.input')
041.701  000.118  000.118: require('snacks.picker')
041.925  000.223  000.223: require('snacks.picker.config')
042.085  000.160  000.160: require('snacks.picker.config.highlights')
042.254  000.167  000.167: require('snacks.picker.config.defaults')
042.561  000.306  000.306: require('snacks.picker.config.sources')
042.656  000.095  000.095: require('snacks.picker.config.layouts')
044.413  013.662: VimEnter autocommands
053.019  000.223  000.223: require('catppuccin')
053.244  000.084  000.084: require('catppuccin.lib.hashing')
053.379  000.078  000.078: require('catppuccin.palettes')
053.446  000.065  000.065: require('catppuccin.palettes.mocha')
054.470  000.774  000.774: sourcing /Users/brain/.local/share/nvim/site/pack/core/opt/catppuccin/colors/catppuccin.lua
054.497  008.860: UIEnter autocommands
054.691  000.133  000.133: sourcing /opt/homebrew/Cellar/neovim/0.12.4/share/nvim/runtime/autoload/provider/clipboard.vim
054.694  000.064: before starting main loop
054.935  000.241: first screen update
054.936  000.001: --- NVIM STARTED ---

